# IPython log file

# Thu, 13 Dec 2018 20:49:47
age_limit_output(10)
# Thu, 13 Dec 2018 20:49:47
age_limit_output(16)
# Thu, 13 Dec 2018 20:49:47
report_grade(79)
# Thu, 13 Dec 2018 20:49:47
report_grade(85)
# Thu, 13 Dec 2018 20:49:47
print(letter_in_word('t', 'secret hangman phrase'))
# Thu, 13 Dec 2018 20:49:47
secret = ['red','red','yellow','yellow','black']
# Thu, 13 Dec 2018 20:49:47
hint('red', secret)
# Thu, 13 Dec 2018 20:49:49
hint('green', secret)
# Thu, 13 Dec 2018 20:52:02
%run Chen_1.3.3.py
# Thu, 13 Dec 2018 20:52:15
%run 1.3.3/Chen_1.3.3.log
# Thu, 13 Dec 2018 20:52:27
%run 1.3.3/Chen_1.3.3.py
# Thu, 13 Dec 2018 20:52:29
age_limit_output(10)
# Thu, 13 Dec 2018 20:52:29
age_limit_output(16)
# Thu, 13 Dec 2018 20:52:29
report_grade(79)
# Thu, 13 Dec 2018 20:52:29
report_grade(85)
# Thu, 13 Dec 2018 20:52:29
print(letter_in_word('t', 'secret hangman phrase'))
# Thu, 13 Dec 2018 20:52:29
secret = ['red','red','yellow','yellow','black']
# Thu, 13 Dec 2018 20:52:29
hint('red', secret)
# Thu, 13 Dec 2018 20:52:30
hint('green', secret)
# Thu, 13 Dec 2018 20:53:03
#I believe I finished the assignment because all of the input had an output that is accurate.
# Thu, 13 Dec 2018 20:53:09
%logstop
