# IPython log file

%logstart -ort  %logstart -ort 1.3.2/logs/Last_1.3.2.#.log
# Mon, 10 Dec 2018 21:29:38
#6a Prediciton: False
# Mon, 10 Dec 2018 21:29:43
a**2 >= 9 and not a>3 
# Mon, 10 Dec 2018 21:30:11
a > 3
# Mon, 10 Dec 2018 21:30:48
a = 3
# Mon, 10 Dec 2018 21:30:54
a**2 = 9
# Mon, 10 Dec 2018 21:30:57
a**2 >= 9 and not a>3 
#[Out]# True
# Mon, 10 Dec 2018 21:31:29
I missed the fac tthat it iss not and I put flase. 
# Mon, 10 Dec 2018 21:31:44
#I missed the fac that it is not and I put false
# Mon, 10 Dec 2018 21:31:45
# 6b. Prediction:
# Mon, 10 Dec 2018 21:31:53
True
#[Out]# True
# Mon, 10 Dec 2018 21:31:59
 a+2 == 5 or a-1 != 3 
#[Out]# True
# Mon, 10 Dec 2018 21:35:07
%logstop
